00:09:21 [INFO] AppMenu instalado desde apt
00:09:21 [INFO] AppMenu + StatusNotifier listos
00:09:35 [INFO] Ulauncher configurado (Ctrl+Space)
00:09:56 [WARN] Picom no se compiló — revisá los errores arriba
00:10:04 [INFO] Autostart configurado
00:56:12 [INFO] AppMenu instalado desde apt
00:56:12 [INFO] AppMenu + StatusNotifier listos
00:56:25 [INFO] Ulauncher configurado (Ctrl+Space)
00:56:44 [WARN] Picom no se compiló — revisá los errores arriba
00:56:51 [INFO] Autostart configurado
01:01:35 [INFO] AppMenu instalado desde apt
01:01:35 [INFO] AppMenu + StatusNotifier listos
01:01:47 [INFO] Ulauncher configurado (Ctrl+Space)
01:02:08 [WARN] Picom no se compiló — revisá los errores arriba
01:02:15 [INFO] Autostart configurado
01:05:04 [INFO] AppMenu instalado desde apt
01:05:04 [INFO] AppMenu + StatusNotifier listos
01:05:18 [INFO] Ulauncher configurado (Ctrl+Space)
01:05:39 [WARN] Picom no se compiló — revisá los errores arriba
01:05:45 [INFO] Autostart configurado
01:07:10 [INFO] AppMenu instalado desde apt
01:07:10 [INFO] AppMenu + StatusNotifier listos
01:07:23 [INFO] Ulauncher configurado (Ctrl+Space)
01:07:44 [WARN] Picom no se compiló — revisá los errores arriba
01:07:51 [INFO] Autostart configurado
01:17:28 [INFO] AppMenu instalado desde apt
01:17:28 [INFO] AppMenu + StatusNotifier listos
01:17:42 [INFO] Ulauncher configurado (Ctrl+Space)
01:18:04 [WARN] Picom no se compiló — revisá los errores arriba
01:18:11 [INFO] Autostart configurado
01:23:38 [INFO] AppMenu instalado desde apt
01:23:38 [INFO] AppMenu + StatusNotifier listos
01:23:50 [INFO] Ulauncher configurado (Ctrl+Space)
01:24:12 [WARN] Picom no se compiló — revisá los errores arriba
01:24:20 [INFO] Autostart configurado
