00:10:04 [INFO] lightdm-gtk-greeter instalado como respaldo
00:10:04 [INFO] LightDM configurado
00:10:09 [INFO] Fondo aplicado via xfconf-query
00:10:14 [INFO] Fondo de pantalla aplicado
00:10:14 [INFO] Fondo aplicado también en LightDM
00:56:52 [INFO] lightdm-gtk-greeter instalado como respaldo
00:56:52 [INFO] LightDM configurado
00:56:56 [INFO] Fondo aplicado via xfconf-query
00:57:01 [INFO] Fondo de pantalla aplicado
00:57:01 [INFO] Fondo aplicado también en LightDM
01:02:15 [INFO] lightdm-gtk-greeter instalado como respaldo
01:02:15 [INFO] LightDM configurado
01:02:20 [INFO] Fondo aplicado via xfconf-query
01:02:25 [INFO] Fondo de pantalla aplicado
01:02:25 [INFO] Fondo aplicado también en LightDM
01:05:46 [INFO] lightdm-gtk-greeter instalado como respaldo
01:05:46 [INFO] LightDM configurado
01:05:50 [INFO] Fondo aplicado via xfconf-query
01:05:55 [INFO] Fondo de pantalla aplicado
01:05:55 [INFO] Fondo aplicado también en LightDM
01:07:52 [INFO] lightdm-gtk-greeter instalado como respaldo
01:07:52 [INFO] LightDM configurado
01:07:56 [INFO] Fondo aplicado via xfconf-query
01:08:01 [INFO] Fondo de pantalla aplicado
01:08:01 [INFO] Fondo aplicado también en LightDM
01:18:12 [INFO] lightdm-gtk-greeter instalado como respaldo
01:18:12 [INFO] LightDM configurado
01:18:16 [INFO] Fondo aplicado via xfconf-query
01:18:21 [INFO] Fondo de pantalla aplicado
01:18:21 [INFO] Fondo aplicado también en LightDM
01:24:20 [INFO] lightdm-gtk-greeter instalado como respaldo
01:24:20 [INFO] LightDM configurado
01:24:25 [INFO] Fondo aplicado via xfconf-query
01:24:30 [INFO] Fondo de pantalla aplicado
01:24:30 [INFO] Fondo aplicado también en LightDM
