00:09:37 [INFO] Nautilus configurado como gestor de archivos
00:09:39 [INFO] Thunar neutralizado. ZIP en escritorio activo, Firefox usa Nautilus.
00:09:40 [INFO] Extensión Actions for Nautilus ya instalada
00:09:40 [INFO] Gestor instalado — aparece en espacio vacio de las carpetas
00:11:25 [INFO] Nautilus relanzado con tema WhiteSur-Dark y CSD forzado
00:56:27 [INFO] Nautilus configurado como gestor de archivos
00:56:29 [INFO] Thunar neutralizado. ZIP en escritorio activo, Firefox usa Nautilus.
00:56:30 [INFO] Extensión Actions for Nautilus ya instalada
00:56:30 [INFO] Gestor instalado — aparece en espacio vacio de las carpetas
00:58:12 [INFO] Nautilus relanzado con tema WhiteSur-Dark y CSD forzado
01:01:49 [INFO] Nautilus configurado como gestor de archivos
01:01:51 [INFO] Thunar neutralizado. ZIP en escritorio activo, Firefox usa Nautilus.
01:01:51 [INFO] Extensión Actions for Nautilus ya instalada
01:01:51 [INFO] Gestor instalado — aparece en espacio vacio de las carpetas
01:03:36 [INFO] Nautilus relanzado con tema WhiteSur-Dark y CSD forzado
01:05:20 [INFO] Nautilus configurado como gestor de archivos
01:05:22 [INFO] Thunar neutralizado. ZIP en escritorio activo, Firefox usa Nautilus.
01:05:23 [INFO] Extensión Actions for Nautilus ya instalada
01:05:23 [INFO] Gestor instalado — aparece en espacio vacio de las carpetas
01:07:26 [INFO] Nautilus configurado como gestor de archivos
01:07:27 [INFO] Thunar neutralizado. ZIP en escritorio activo, Firefox usa Nautilus.
01:07:28 [INFO] Extensión Actions for Nautilus ya instalada
01:07:28 [INFO] Gestor instalado — aparece en espacio vacio de las carpetas
01:09:11 [INFO] Nautilus relanzado con tema WhiteSur-Dark y CSD forzado
01:17:45 [INFO] Nautilus configurado como gestor de archivos
01:17:46 [INFO] Thunar neutralizado. ZIP en escritorio activo, Firefox usa Nautilus.
01:17:47 [INFO] Extensión Actions for Nautilus ya instalada
01:17:47 [INFO] Gestor instalado — aparece en espacio vacio de las carpetas
01:19:34 [INFO] Nautilus relanzado con tema WhiteSur-Dark y CSD forzado
01:23:53 [INFO] Nautilus configurado como gestor de archivos
01:23:54 [INFO] Thunar neutralizado. ZIP en escritorio activo, Firefox usa Nautilus.
01:23:55 [INFO] Extensión Actions for Nautilus ya instalada
01:23:55 [INFO] Gestor instalado — aparece en espacio vacio de las carpetas
01:25:42 [INFO] Nautilus relanzado con tema WhiteSur-Dark y CSD forzado
