00:09:50 [INFO] Bandeja oculta (array) aplicada en systray plugin-10
00:09:50 [INFO] Bandeja: solo wifi visible
00:09:50 [INFO] Configuración del panel copiada
00:09:51 [INFO] Tema Ventura generado manualmente
00:09:51 [INFO] Lanzadores creados: 9
00:09:52 [INFO] Plank configurado: Transparente, 48px, zoom 150%
00:09:54 [INFO] Plank corriendo
00:10:21 [INFO] Launchers del panel restaurados: 4
00:10:21 [INFO] Bandeja oculta (array) aplicada en systray plugin-10
00:10:21 [INFO] Bandeja: solo wifi visible
00:10:27 [INFO] Panel reiniciado
00:10:30 [INFO] Bandeja oculta (array) aplicada en systray plugin-10
00:10:30 [INFO] Bandeja: solo wifi visible
00:10:33 [INFO] Bandeja oculta (array) aplicada en systray plugin-10
00:10:33 [INFO] Bandeja: solo wifi visible
00:10:36 [INFO] Bandeja oculta (array) aplicada en systray plugin-10
00:10:36 [INFO] Bandeja: solo wifi visible
00:10:47 [INFO] Fondo de pantalla re-aplicado via xfconf-query
00:10:57 [INFO] Panel y escritorio reiniciados
00:56:38 [INFO] Bandeja oculta (array) aplicada en systray plugin-10
00:56:38 [INFO] Bandeja: solo wifi visible
00:56:38 [INFO] Configuración del panel copiada
00:56:39 [INFO] Tema Ventura generado manualmente
00:56:39 [INFO] Lanzadores creados: 9
00:56:40 [INFO] Plank configurado: Transparente, 48px, zoom 150%
00:56:42 [INFO] Plank corriendo
00:57:09 [INFO] Launchers del panel restaurados: 4
00:57:09 [INFO] Bandeja oculta (array) aplicada en systray plugin-10
00:57:09 [INFO] Bandeja: solo wifi visible
00:57:14 [INFO] Panel reiniciado
00:57:17 [INFO] Bandeja oculta (array) aplicada en systray plugin-10
00:57:17 [INFO] Bandeja: solo wifi visible
00:57:21 [INFO] Bandeja oculta (array) aplicada en systray plugin-10
00:57:21 [INFO] Bandeja: solo wifi visible
00:57:24 [INFO] Bandeja oculta (array) aplicada en systray plugin-10
00:57:24 [INFO] Bandeja: solo wifi visible
00:57:34 [INFO] Fondo de pantalla re-aplicado via xfconf-query
00:57:44 [INFO] Panel y escritorio reiniciados
01:02:02 [INFO] Bandeja oculta (array) aplicada en systray plugin-10
01:02:02 [INFO] Bandeja: solo wifi visible
01:02:02 [INFO] Configuración del panel copiada
01:02:03 [INFO] Tema Ventura generado manualmente
01:02:03 [INFO] Lanzadores creados: 9
01:02:04 [INFO] Plank configurado: Transparente, 48px, zoom 150%
01:02:06 [INFO] Plank corriendo
01:02:33 [INFO] Launchers del panel restaurados: 4
01:02:33 [INFO] Bandeja oculta (array) aplicada en systray plugin-10
01:02:33 [INFO] Bandeja: solo wifi visible
01:02:38 [INFO] Panel reiniciado
01:02:41 [INFO] Bandeja oculta (array) aplicada en systray plugin-10
01:02:41 [INFO] Bandeja: solo wifi visible
01:02:45 [INFO] Bandeja oculta (array) aplicada en systray plugin-10
01:02:45 [INFO] Bandeja: solo wifi visible
01:02:48 [INFO] Bandeja oculta (array) aplicada en systray plugin-10
01:02:48 [INFO] Bandeja: solo wifi visible
01:02:58 [INFO] Fondo de pantalla re-aplicado via xfconf-query
01:03:09 [INFO] Panel y escritorio reiniciados
01:05:33 [INFO] tray.py marcado como oculto en systray plugin-10
01:05:33 [INFO] Bandeja: solo wifi visible
01:05:33 [INFO] Configuración del panel copiada
01:05:34 [INFO] Tema Ventura generado manualmente
01:05:34 [INFO] Lanzadores creados: 9
01:05:34 [INFO] Plank configurado: Transparente, 48px, zoom 150%
01:05:36 [INFO] Plank corriendo
01:06:03 [INFO] Launchers del panel restaurados: 4
01:06:03 [INFO] tray.py marcado como oculto en systray plugin-10
01:06:03 [INFO] Bandeja: solo wifi visible
01:06:08 [INFO] Panel reiniciado
01:06:11 [INFO] tray.py marcado como oculto en systray plugin-10
01:06:11 [INFO] Bandeja: solo wifi visible
01:06:14 [INFO] tray.py marcado como oculto en systray plugin-10
01:06:14 [INFO] Bandeja: solo wifi visible
01:06:18 [INFO] tray.py marcado como oculto en systray plugin-10
01:06:18 [INFO] Bandeja: solo wifi visible
01:06:38 [INFO] Panel y escritorio reiniciados
01:07:37 [INFO] tray.py marcado como oculto en systray plugin-10
01:07:37 [INFO] Bandeja: solo wifi visible
01:07:37 [INFO] Configuración del panel copiada
01:07:38 [INFO] Tema Ventura generado manualmente
01:07:38 [INFO] Lanzadores creados: 9
01:07:39 [INFO] Plank configurado: Transparente, 48px, zoom 150%
01:07:41 [INFO] Plank corriendo
01:08:08 [INFO] Launchers del panel restaurados: 4
01:08:08 [INFO] tray.py marcado como oculto en systray plugin-10
01:08:08 [INFO] Bandeja: solo wifi visible
01:08:13 [INFO] Panel reiniciado
01:08:17 [INFO] tray.py marcado como oculto en systray plugin-10
01:08:17 [INFO] Bandeja: solo wifi visible
01:08:20 [INFO] tray.py marcado como oculto en systray plugin-10
01:08:20 [INFO] Bandeja: solo wifi visible
01:08:23 [INFO] tray.py marcado como oculto en systray plugin-10
01:08:23 [INFO] Bandeja: solo wifi visible
01:08:32 [INFO] Bandeja oculta (array) aplicada en systray plugin-10
01:08:32 [INFO] Bandeja: solo wifi visible
01:08:44 [INFO] Panel y escritorio reiniciados
01:10:35 [INFO] Bandeja oculta (array) aplicada en systray plugin-10
01:10:35 [INFO] Bandeja: solo wifi visible
01:11:45 [INFO] Bandeja oculta (array) aplicada en systray plugin-10
01:11:45 [INFO] Bandeja: solo wifi visible
01:13:30 [INFO] plugin-10 systray: arrays hidden OK
01:13:30 [INFO] Bandeja oculta (array) aplicada en systray plugin-10
01:13:30 [INFO] Bandeja: solo wifi visible
01:14:05 [INFO] plugin-10 systray: arrays hidden OK
01:14:05 [INFO] Bandeja oculta (array) aplicada en systray plugin-10
01:14:05 [INFO] Bandeja: solo wifi visible
01:15:41 [INFO] plugin-10 systray: arrays hidden OK
01:15:41 [INFO] Bandeja oculta (array) aplicada en systray plugin-10
01:15:41 [INFO] Bandeja: solo wifi visible
01:15:41 [INFO] Configuración del panel copiada
01:17:58 [INFO] plugin-10 systray: arrays hidden OK
01:17:58 [INFO] Bandeja oculta (array) aplicada en systray plugin-10
01:17:58 [INFO] Bandeja: solo wifi visible
01:17:58 [INFO] Configuración del panel copiada
01:17:59 [INFO] Tema Ventura generado manualmente
01:17:59 [INFO] Lanzadores creados: 9
01:18:00 [INFO] Plank configurado: Transparente, 48px, zoom 150%
01:18:02 [INFO] Plank corriendo
01:18:29 [INFO] Launchers del panel restaurados: 4
01:18:30 [INFO] plugin-10 systray: arrays hidden OK
01:18:30 [INFO] Bandeja oculta (array) aplicada en systray plugin-10
01:18:30 [INFO] Bandeja: solo wifi visible
01:18:35 [INFO] Panel reiniciado
01:18:38 [INFO] plugin-10 systray: arrays hidden OK
01:18:38 [INFO] Bandeja oculta (array) aplicada en systray plugin-10
01:18:38 [INFO] Bandeja: solo wifi visible
01:18:42 [INFO] plugin-10 systray: arrays hidden OK
01:18:42 [INFO] Bandeja oculta (array) aplicada en systray plugin-10
01:18:42 [INFO] Bandeja: solo wifi visible
01:18:45 [INFO] plugin-10 systray: arrays hidden OK
01:18:46 [INFO] Bandeja oculta (array) aplicada en systray plugin-10
01:18:46 [INFO] Bandeja: solo wifi visible
01:19:06 [INFO] Panel y escritorio reiniciados
01:24:06 [INFO] plugin-10 systray: arrays hidden OK
01:24:07 [INFO] Bandeja oculta (array) aplicada en systray plugin-10
01:24:07 [INFO] Bandeja: solo wifi visible
01:24:07 [INFO] Configuración del panel copiada
01:24:08 [INFO] Tema Ventura generado manualmente
01:24:08 [INFO] Lanzadores creados: 9
01:24:08 [INFO] Plank configurado: Transparente, 48px, zoom 150%
01:24:10 [INFO] Plank corriendo
01:24:38 [INFO] Launchers del panel restaurados: 4
01:24:38 [INFO] plugin-10 systray: arrays hidden OK
01:24:38 [INFO] Bandeja oculta (array) aplicada en systray plugin-10
01:24:38 [INFO] Bandeja: solo wifi visible
01:24:44 [INFO] Panel reiniciado
01:24:47 [INFO] plugin-10 systray: arrays hidden OK
01:24:47 [INFO] Bandeja oculta (array) aplicada en systray plugin-10
01:24:47 [INFO] Bandeja: solo wifi visible
01:24:50 [INFO] plugin-10 systray: arrays hidden OK
01:24:50 [INFO] Bandeja oculta (array) aplicada en systray plugin-10
01:24:50 [INFO] Bandeja: solo wifi visible
01:24:54 [INFO] plugin-10 systray: arrays hidden OK
01:24:54 [INFO] Bandeja oculta (array) aplicada en systray plugin-10
01:24:54 [INFO] Bandeja: solo wifi visible
01:25:15 [INFO] Panel y escritorio reiniciados
