00:09:24 [INFO] Dependencias instaladas
00:09:31 [INFO] WhiteSur-Light copiado a ~/.themes
00:09:33 [INFO] WhiteSur-Dark copiado a ~/.themes
00:09:33 [INFO] Temas instalados:
00:09:41 [INFO] Iconos y cursor instalados
00:09:49 [INFO] Fuentes instaladas
00:09:58 [INFO] Tema GTK aplicado: WhiteSur-Dark / Iconos: WhiteSur-dark
00:09:58 [INFO] Decoraciones XFWM copiadas
00:09:58 [INFO] xfwm4 configurado: WhiteSur-Dark
00:56:14 [INFO] Dependencias instaladas
00:56:21 [INFO] WhiteSur-Light copiado a ~/.themes
00:56:23 [INFO] WhiteSur-Dark copiado a ~/.themes
00:56:23 [INFO] Temas instalados:
00:56:31 [INFO] Iconos y cursor instalados
00:56:37 [INFO] Fuentes instaladas
00:56:46 [INFO] Tema GTK aplicado: WhiteSur-Dark / Iconos: WhiteSur-dark
00:56:46 [INFO] Decoraciones XFWM copiadas
00:56:46 [INFO] xfwm4 configurado: WhiteSur-Dark
01:01:36 [INFO] Dependencias instaladas
01:01:43 [INFO] WhiteSur-Light copiado a ~/.themes
01:01:44 [INFO] WhiteSur-Dark copiado a ~/.themes
01:01:44 [INFO] Temas instalados:
01:01:52 [INFO] Iconos y cursor instalados
01:02:01 [INFO] Fuentes instaladas
01:02:10 [INFO] Tema GTK aplicado: WhiteSur-Dark / Iconos: WhiteSur-dark
01:02:10 [INFO] Decoraciones XFWM copiadas
01:02:10 [INFO] xfwm4 configurado: WhiteSur-Dark
01:05:07 [INFO] Dependencias instaladas
01:05:14 [INFO] WhiteSur-Light copiado a ~/.themes
01:05:16 [INFO] WhiteSur-Dark copiado a ~/.themes
01:05:16 [INFO] Temas instalados:
01:05:24 [INFO] Iconos y cursor instalados
01:05:31 [INFO] Fuentes instaladas
01:05:41 [INFO] Tema GTK aplicado: WhiteSur-Dark / Iconos: WhiteSur-dark
01:05:41 [INFO] Decoraciones XFWM copiadas
01:05:41 [INFO] xfwm4 configurado: WhiteSur-Dark
01:07:11 [INFO] Dependencias instaladas
01:07:19 [INFO] WhiteSur-Light copiado a ~/.themes
01:07:21 [INFO] WhiteSur-Dark copiado a ~/.themes
01:07:21 [INFO] Temas instalados:
01:07:29 [INFO] Iconos y cursor instalados
01:07:36 [INFO] Fuentes instaladas
01:07:46 [INFO] Tema GTK aplicado: WhiteSur-Dark / Iconos: WhiteSur-dark
01:07:46 [INFO] Decoraciones XFWM copiadas
01:07:46 [INFO] xfwm4 configurado: WhiteSur-Dark
01:17:30 [INFO] Dependencias instaladas
01:17:39 [INFO] WhiteSur-Light copiado a ~/.themes
01:17:40 [INFO] WhiteSur-Dark copiado a ~/.themes
01:17:40 [INFO] Temas instalados:
01:17:48 [INFO] Iconos y cursor instalados
01:17:57 [INFO] Fuentes instaladas
01:18:06 [INFO] Tema GTK aplicado: WhiteSur-Dark / Iconos: WhiteSur-dark
01:18:06 [INFO] Decoraciones XFWM copiadas
01:18:06 [INFO] xfwm4 configurado: WhiteSur-Dark
01:23:39 [INFO] Dependencias instaladas
01:23:46 [INFO] WhiteSur-Light copiado a ~/.themes
01:23:48 [INFO] WhiteSur-Dark copiado a ~/.themes
01:23:48 [INFO] Temas instalados:
01:23:56 [INFO] Iconos y cursor instalados
01:24:05 [INFO] Fuentes instaladas
01:24:15 [INFO] Tema GTK aplicado: WhiteSur-Dark / Iconos: WhiteSur-dark
01:24:15 [INFO] Decoraciones XFWM copiadas
01:24:15 [INFO] xfwm4 configurado: WhiteSur-Dark
